<?xml version="1.0" encoding="UTF-8"?>
<!-- Generated by org.testng.reporters.JUnitReportReporter -->
<testsuite hostname="DESKTOP-7MUP6DN" failures="0" tests="1" name="testCases.TestCase" time="18.067" errors="0" timestamp="2023-01-16T11:19:49 BDT" skipped="0">
  <testcase classname="testCases.TestCase" name="homePageTest" time="18.067"/>
  <system-out/>
</testsuite> <!-- testCases.TestCase -->
